{
  "RSpec": {
    "coverage": {
      "/Users/jessexu/Documents/North Carolina State University/Courses/ECE517 Object-Oriented Languages and Systems/DireWolf/spec/models/job_spec.rb": [
        1,
        null,
        1,
        1,
        1,
        null,
        1,
        1,
        null,
        1,
        1,
        1,
        null,
        null,
        1,
        1,
        null,
        null
      ],
      "/Users/jessexu/Documents/North Carolina State University/Courses/ECE517 Object-Oriented Languages and Systems/DireWolf/spec/rails_helper.rb": [
        null,
        1,
        1,
        1,
        1,
        1,
        null,
        null,
        null,
        null,
        null,
        null,
        null,
        null,
        null,
        null,
        null,
        null,
        null,
        null,
        null,
        null,
        null,
        null,
        null,
        1,
        null,
        1,
        null,
        1,
        1,
        null,
        null,
        null,
        null,
        null,
        1,
        null,
        null,
        null,
        null,
        null,
        null,
        null,
        null,
        null,
        null,
        null,
        null,
        null,
        null,
        1,
        1,
        null,
        null,
        1,
        4,
        null,
        null,
        1,
        0,
        null,
        null,
        1,
        4,
        null,
        null,
        1,
        4,
        null,
        null,
        null,
        1,
        null
      ],
      "/Users/jessexu/Documents/North Carolina State University/Courses/ECE517 Object-Oriented Languages and Systems/DireWolf/config/environment.rb": [
        null,
        1,
        null,
        null,
        1
      ],
      "/Users/jessexu/Documents/North Carolina State University/Courses/ECE517 Object-Oriented Languages and Systems/DireWolf/config/application.rb": [
        1,
        null,
        1,
        null,
        null,
        null,
        1,
        null,
        1,
        1,
        null,
        null,
        null,
        null,
        null,
        null,
        null,
        null,
        null,
        null,
        null,
        null,
        null
      ],
      "/Users/jessexu/Documents/North Carolina State University/Courses/ECE517 Object-Oriented Languages and Systems/DireWolf/config/boot.rb": [
        null,
        1,
        null,
        1
      ],
      "/Users/jessexu/Documents/North Carolina State University/Courses/ECE517 Object-Oriented Languages and Systems/DireWolf/config/environments/test.rb": [
        1,
        null,
        null,
        null,
        null,
        null,
        null,
        1,
        null,
        null,
        null,
        null,
        1,
        null,
        null,
        1,
        1,
        null,
        null,
        1,
        1,
        null,
        null,
        1,
        null,
        null,
        1,
        null,
        null,
        null,
        null,
        1,
        null,
        null,
        1,
        null,
        null,
        null,
        null
      ],
      "/Users/jessexu/Documents/North Carolina State University/Courses/ECE517 Object-Oriented Languages and Systems/DireWolf/config/initializers/assets.rb": [
        null,
        null,
        null,
        1,
        null,
        null,
        null,
        null
      ],
      "/Users/jessexu/Documents/North Carolina State University/Courses/ECE517 Object-Oriented Languages and Systems/DireWolf/config/initializers/backtrace_silencers.rb": [
        null,
        null,
        null,
        null,
        null,
        null,
        null
      ],
      "/Users/jessexu/Documents/North Carolina State University/Courses/ECE517 Object-Oriented Languages and Systems/DireWolf/config/initializers/cookies_serializer.rb": [
        null,
        null,
        1
      ],
      "/Users/jessexu/Documents/North Carolina State University/Courses/ECE517 Object-Oriented Languages and Systems/DireWolf/config/initializers/devise.rb": [
        null,
        null,
        1,
        null,
        null,
        null,
        null,
        null,
        null,
        null,
        null,
        null,
        1,
        null,
        null,
        null,
        null,
        null,
        null,
        null,
        null,
        1,
        null,
        null,
        null,
        null,
        null,
        null,
        null,
        null,
        null,
        null,
        null,
        null,
        null,
        null,
        null,
        null,
        null,
        null,
        null,
        null,
        null,
        1,
        null,
        null,
        null,
        null,
        1,
        null,
        null,
        null,
        null,
        null,
        null,
        null,
        null,
        null,
        null,
        null,
        null,
        null,
        null,
        null,
        null,
        null,
        null,
        null,
        null,
        null,
        null,
        null,
        null,
        null,
        null,
        null,
        null,
        null,
        null,
        1,
        null,
        null,
        null,
        null,
        null,
        null,
        null,
        null,
        null,
        null,
        null,
        null,
        null,
        null,
        null,
        null,
        1,
        null,
        null,
        null,
        null,
        null,
        null,
        null,
        null,
        null,
        null,
        null,
        null,
        null,
        null,
        null,
        null,
        null,
        null,
        null,
        null,
        null,
        null,
        null,
        null,
        1,
        null,
        null,
        null,
        null,
        null,
        null,
        null,
        null,
        null,
        1,
        null,
        null,
        null,
        null,
        null,
        null,
        null,
        null,
        null,
        null,
        1,
        null,
        null,
        null,
        null,
        null,
        null,
        null,
        null,
        null,
        1,
        null,
        null,
        1,
        null,
        null,
        null,
        null,
        null,
        null,
        null,
        null,
        null,
        null,
        null,
        null,
        null,
        null,
        null,
        null,
        null,
        null,
        null,
        null,
        null,
        null,
        null,
        null,
        null,
        null,
        null,
        null,
        null,
        null,
        null,
        null,
        null,
        null,
        null,
        1,
        null,
        null,
        null,
        null,
        null,
        null,
        null,
        null,
        null,
        null,
        null,
        null,
        null,
        null,
        null,
        1,
        null,
        null,
        null,
        null,
        null,
        null,
        null,
        null,
        null,
        null,
        null,
        null,
        null,
        null,
        null,
        null,
        null,
        null,
        null,
        null,
        null,
        1,
        null,
        null,
        null,
        null,
        null,
        null,
        null,
        null,
        null,
        null,
        null,
        null,
        null,
        null,
        null,
        null,
        null,
        null,
        null,
        null,
        null,
        null,
        null,
        null,
        null,
        null,
        null,
        null,
        null
      ],
      "/Users/jessexu/Documents/North Carolina State University/Courses/ECE517 Object-Oriented Languages and Systems/DireWolf/config/initializers/filter_parameter_logging.rb": [
        null,
        null,
        null,
        1
      ],
      "/Users/jessexu/Documents/North Carolina State University/Courses/ECE517 Object-Oriented Languages and Systems/DireWolf/config/initializers/inflections.rb": [
        null,
        null,
        null,
        null,
        null,
        null,
        null,
        null,
        null,
        null,
        null,
        null,
        null,
        null,
        null,
        null
      ],
      "/Users/jessexu/Documents/North Carolina State University/Courses/ECE517 Object-Oriented Languages and Systems/DireWolf/config/initializers/mime_types.rb": [
        null,
        null,
        null,
        null
      ],
      "/Users/jessexu/Documents/North Carolina State University/Courses/ECE517 Object-Oriented Languages and Systems/DireWolf/config/initializers/session_store.rb": [
        null,
        null,
        1
      ],
      "/Users/jessexu/Documents/North Carolina State University/Courses/ECE517 Object-Oriented Languages and Systems/DireWolf/config/initializers/wrap_parameters.rb": [
        null,
        null,
        null,
        null,
        null,
        null,
        1,
        1,
        null,
        null,
        null,
        null,
        null,
        null
      ],
      "/Users/jessexu/Documents/North Carolina State University/Courses/ECE517 Object-Oriented Languages and Systems/DireWolf/spec/factories/jobs.rb": [
        1,
        1,
        1,
        1,
        1,
        1,
        1,
        1,
        1,
        1,
        1,
        1,
        null,
        null
      ],
      "/Users/jessexu/Documents/North Carolina State University/Courses/ECE517 Object-Oriented Languages and Systems/DireWolf/config/routes.rb": [
        1,
        1,
        null,
        1,
        null,
        1,
        null,
        1,
        null,
        1,
        1,
        null,
        1,
        null,
        null,
        1,
        null,
        1,
        1,
        1,
        null,
        1,
        1,
        1,
        null,
        null,
        null,
        null,
        null,
        null,
        null,
        null,
        null,
        1,
        null,
        null,
        null,
        null,
        null,
        null,
        null,
        null,
        null,
        null,
        null,
        null,
        null,
        null,
        null,
        null,
        null,
        null,
        null,
        null,
        null,
        null,
        null,
        null,
        null,
        null,
        null,
        null,
        null,
        null,
        null,
        null,
        null,
        null,
        null,
        null,
        null,
        null,
        null,
        null,
        null,
        null,
        null,
        null,
        null,
        null
      ],
      "/Users/jessexu/Documents/North Carolina State University/Courses/ECE517 Object-Oriented Languages and Systems/DireWolf/app/models/employer.rb": [
        1,
        null,
        null,
        1,
        null,
        1,
        1,
        null
      ],
      "/Users/jessexu/Documents/North Carolina State University/Courses/ECE517 Object-Oriented Languages and Systems/DireWolf/app/models/admin.rb": [
        null,
        1,
        null,
        null,
        1,
        null,
        null
      ],
      "/Users/jessexu/Documents/North Carolina State University/Courses/ECE517 Object-Oriented Languages and Systems/DireWolf/app/models/user.rb": [
        1,
        1,
        null,
        null,
        1,
        null,
        null
      ],
      "/Users/jessexu/Documents/North Carolina State University/Courses/ECE517 Object-Oriented Languages and Systems/DireWolf/app/helpers/account_helper.rb": [
        1,
        null
      ],
      "/Users/jessexu/Documents/North Carolina State University/Courses/ECE517 Object-Oriented Languages and Systems/DireWolf/app/helpers/application_helper.rb": [
        1,
        null
      ],
      "/Users/jessexu/Documents/North Carolina State University/Courses/ECE517 Object-Oriented Languages and Systems/DireWolf/app/helpers/appllist_helper.rb": [
        1,
        null
      ],
      "/Users/jessexu/Documents/North Carolina State University/Courses/ECE517 Object-Oriented Languages and Systems/DireWolf/app/helpers/categories_helper.rb": [
        1,
        null
      ],
      "/Users/jessexu/Documents/North Carolina State University/Courses/ECE517 Object-Oriented Languages and Systems/DireWolf/app/helpers/contact_helper.rb": [
        1,
        null
      ],
      "/Users/jessexu/Documents/North Carolina State University/Courses/ECE517 Object-Oriented Languages and Systems/DireWolf/app/helpers/jobapplications_helper.rb": [
        1,
        null
      ],
      "/Users/jessexu/Documents/North Carolina State University/Courses/ECE517 Object-Oriented Languages and Systems/DireWolf/app/helpers/jobpool_helper.rb": [
        1,
        null
      ],
      "/Users/jessexu/Documents/North Carolina State University/Courses/ECE517 Object-Oriented Languages and Systems/DireWolf/app/helpers/jobs_helper.rb": [
        1,
        null
      ],
      "/Users/jessexu/Documents/North Carolina State University/Courses/ECE517 Object-Oriented Languages and Systems/DireWolf/app/helpers/recommendation_helper.rb": [
        1,
        null
      ],
      "/Users/jessexu/Documents/North Carolina State University/Courses/ECE517 Object-Oriented Languages and Systems/DireWolf/app/models/job.rb": [
        1,
        1,
        1,
        1,
        1,
        null,
        1,
        null,
        1,
        0,
        0,
        0,
        null,
        null,
        1,
        0,
        0,
        0,
        0,
        0,
        null,
        null,
        0,
        null,
        1,
        2,
        2,
        1,
        null,
        2,
        null,
        null
      ]
    },
    "timestamp": 1429664654
  }
}
